<?xml version="1.0" encoding="UTF-8"?>
<!-- Generated by org.testng.reporters.JUnitXMLReporter -->
<testsuite hostname="Ashok" ignored="0" name="Test" tests="2" failures="1" timestamp="2022-06-16T12:24:58 IST" time="0.624" errors="0">
  <testcase name="@BeforeMethod launchApp" time="-1.65536249795E9" classname="com.BaseClass.BaseTest">
    <failure type="org.testng.TestNGException" message="
Parameter &amp;apos;browserName&amp;apos; is required by BeforeMethod on method launchApp but has not been marked @Optional or defined
in D:\DataBase Testing\IFH\testng.xml">
      <![CDATA[org.testng.TestNGException: 
Parameter 'browserName' is required by BeforeMethod on method launchApp but has not been marked @Optional or defined
in D:\DataBase Testing\IFH\testng.xml
at java.util.ArrayList.forEach(ArrayList.java:1257)
... Removed 32 stack frames]]>
    </failure>
  </testcase> <!-- @BeforeMethod launchApp -->
  <testcase name="PersonalAccRegistrationPageTest" time="0.0" classname="com.IFHTests.RegistrationPageTest">
    <skipped/>
  </testcase> <!-- PersonalAccRegistrationPageTest -->
  <testcase name="PersonalAccRegistrationPageTest" time="0.612" classname="com.IFHTests.RegistrationPageTest">
    <failure type="java.lang.NullPointerException">
      <![CDATA[java.lang.NullPointerException
at com.BaseActionClass.Action.screenShot(Action.java:746)
at com.UtilityClass.ExtentManager.extent_AttachScreenShot(ExtentManager.java:51)
at com.UtilityClass.MyListeners.onTestSkipped(MyListeners.java:33)
at java.util.ArrayList.forEach(ArrayList.java:1257)
... Removed 29 stack frames]]>
    </failure>
  </testcase> <!-- PersonalAccRegistrationPageTest -->
</testsuite> <!-- Test -->
