<?xml version="1.0" encoding="UTF-8"?>
<testsuite xmlns:xsi="http://www.w3.org/2001/XMLSchema-instance" xsi:noNamespaceSchemaLocation="https://maven.apache.org/surefire/maven-surefire-plugin/xsd/surefire-test-report-3.0.xsd" version="3.0" name="TestSuite" time="37.588" tests="3" errors="0" skipped="0" failures="0">
  <properties>
[...]
</properties>
  <testcase name="businessAccRegistrationPageTest" classname="com.IFHTests.RegistrationPageTest" time="7.794">
    <system-out><![CDATA[[Configuration] [WARN] Detected a static method [com.BaseClass.BaseTest.launchApp()]. Static configuration methods can cause  unexpected behavior.
[Configuration] [WARN] Detected a static method [com.BaseClass.BaseTest.launchApp()]. Static configuration methods can cause  unexpected behavior.
2022-06-21 10:24:07 INFO  Log:12 - ==========================businessAccRegistrationPageTest is started=============================
2022-06-21 10:24:11 INFO  Log:23 - Able to click on "Click on Bussines Radio Button"
2022-06-21 10:24:13 INFO  Log:23 - Able to click on "FAQs Icon"
2022-06-21 10:24:13 INFO  Log:23 - Able to click on "FAQs 1st"
2022-06-21 10:24:13 INFO  Log:23 - Able to click on "Suervey Icon"
2022-06-21 10:24:15 INFO  Log:23 - Successfully entered value
]]></system-out>
    <system-err><![CDATA[SLF4J: Failed to load class "org.slf4j.impl.StaticLoggerBinder".
SLF4J: Defaulting to no-operation (NOP) logger implementation
SLF4J: See http://www.slf4j.org/codes.html#StaticLoggerBinder for further details.
Starting ChromeDriver 102.0.5005.61 (0e59bcc00cc4985ce39ad31c150065f159d95ad3-refs/branch-heads/5005@{#819}) on port 58843
Only local connections are allowed.
Please see https://chromedriver.chromium.org/security-considerations for suggestions on keeping ChromeDriver safe.
ChromeDriver was started successfully.
Jun 21, 2022 10:24:07 AM org.openqa.selenium.remote.ProtocolHandshake createSession
INFO: Detected upstream dialect: W3C
Jun 21, 2022 10:24:07 AM org.openqa.selenium.devtools.CdpVersionFinder findNearestMatch
INFO: Found exact CDP implementation for version 102
]]></system-err>
  </testcase>
  <testcase name="personalAccRegistrationPageTest" classname="com.IFHTests.RegistrationPageTest" time="5.66">
    <system-out><![CDATA[2022-06-21 10:24:15 INFO  Log:16 - ==========================businessAccRegistrationPageTest is ended===============================
2022-06-21 10:24:16 INFO  Log:12 - ==========================personalAccRegistrationPageTest is started=============================
2022-06-21 10:24:20 INFO  Log:23 - Able to click on "FAQs Icon"
2022-06-21 10:24:20 INFO  Log:23 - Able to click on "FAQs 1st"
2022-06-21 10:24:20 INFO  Log:23 - Able to click on "Suervey Icon"
2022-06-21 10:24:22 INFO  Log:23 - Successfully entered value
]]></system-out>
    <system-err><![CDATA[Starting ChromeDriver 102.0.5005.61 (0e59bcc00cc4985ce39ad31c150065f159d95ad3-refs/branch-heads/5005@{#819}) on port 61298
Only local connections are allowed.
Please see https://chromedriver.chromium.org/security-considerations for suggestions on keeping ChromeDriver safe.
ChromeDriver was started successfully.
Jun 21, 2022 10:24:16 AM org.openqa.selenium.remote.ProtocolHandshake createSession
INFO: Detected upstream dialect: W3C
Jun 21, 2022 10:24:16 AM org.openqa.selenium.devtools.CdpVersionFinder findNearestMatch
INFO: Found exact CDP implementation for version 102
]]></system-err>
  </testcase>
  <testcase name="mySellingOver" classname="com.IFHTests.MySellingPageTest" time="16.619">
    <system-out><![CDATA[2022-06-21 10:24:22 INFO  Log:16 - ==========================personalAccRegistrationPageTest is ended===============================
2022-06-21 10:24:24 INFO  Log:12 - ==========================mySellingOver is started=============================
2022-06-21 10:24:28 INFO  Log:23 - Able to click on "Singin Button"
2022-06-21 10:24:28 INFO  Log:23 - Able to click on "Userd Id Text Area"
2022-06-21 10:24:28 INFO  Log:23 - Successfully entered value
2022-06-21 10:24:28 INFO  Log:23 - Able to click on "SingIn Continue Button"
2022-06-21 10:24:30 INFO  Log:23 - Able to click on "Password Text Area"
2022-06-21 10:24:30 INFO  Log:23 - Successfully entered value
2022-06-21 10:24:33 INFO  Log:23 - Able to click on "SingIn Button"
2022-06-21 10:24:39 INFO  Log:23 - Able to click on "FAQs Icon"
2022-06-21 10:24:39 INFO  Log:23 - Able to click on " 1st FAQs Question"
2022-06-21 10:24:39 INFO  Log:23 - Able to click on " 2nd FAQs Question"
2022-06-21 10:24:39 INFO  Log:23 - Able to click on " 3rd FAQs Question"
2022-06-21 10:24:39 INFO  Log:23 - Able to click on " 3rd FAQs Question"
2022-06-21 10:24:39 INFO  Log:23 - Able to click on " Survey Icon"
2022-06-21 10:24:40 INFO  Log:23 - Able to click on " 5th Icon"
2022-06-21 10:24:40 INFO  Log:23 - Successfully entered value
]]></system-out>
    <system-err><![CDATA[Starting ChromeDriver 102.0.5005.61 (0e59bcc00cc4985ce39ad31c150065f159d95ad3-refs/branch-heads/5005@{#819}) on port 54822
Only local connections are allowed.
Please see https://chromedriver.chromium.org/security-considerations for suggestions on keeping ChromeDriver safe.
ChromeDriver was started successfully.
Jun 21, 2022 10:24:24 AM org.openqa.selenium.remote.ProtocolHandshake createSession
INFO: Detected upstream dialect: W3C
Jun 21, 2022 10:24:24 AM org.openqa.selenium.devtools.CdpVersionFinder findNearestMatch
INFO: Found exact CDP implementation for version 102
]]></system-err>
  </testcase>
</testsuite>