<?xml version="1.0" encoding="UTF-8"?>
<testng-results skipped="0" failed="0" ignored="2" total="5" passed="3">
  <reporter-output>
  </reporter-output>
  <suite name="Suite" duration-ms="36653" started-at="2022-06-21T10:24:04 IST" finished-at="2022-06-21T10:24:41 IST">
    <groups>
    </groups>
    <test name="Test" duration-ms="36653" started-at="2022-06-21T10:24:04 IST" finished-at="2022-06-21T10:24:41 IST">
      <class name="com.IFHTests.MySellingPageTest">
        <test-method status="PASS" signature="launchApp(java.lang.String)[pri:0, instance:com.IFHTests.MySellingPageTest@396e2f39]" name="launchApp" is-config="true" duration-ms="1019" started-at="2022-06-21T10:24:23 IST" finished-at="2022-06-21T10:24:24 IST">
          <params>
            <param index="0">
              <value>
                <![CDATA[chrome]]>
              </value>
            </param>
          </params>
          <reporter-output>
          </reporter-output>
        </test-method> <!-- launchApp -->
        <test-method status="PASS" signature="mySellingOver()[pri:0, instance:com.IFHTests.MySellingPageTest@396e2f39]" name="mySellingOver" duration-ms="16620" started-at="2022-06-21T10:24:24 IST" finished-at="2022-06-21T10:24:40 IST">
          <reporter-output>
          </reporter-output>
        </test-method> <!-- mySellingOver -->
        <test-method status="PASS" signature="teardown()[pri:0, instance:com.IFHTests.MySellingPageTest@396e2f39]" name="teardown" is-config="true" duration-ms="632" started-at="2022-06-21T10:24:40 IST" finished-at="2022-06-21T10:24:41 IST">
          <reporter-output>
          </reporter-output>
        </test-method> <!-- teardown -->
      </class> <!-- com.IFHTests.MySellingPageTest -->
      <class name="com.IFHTests.RegistrationPageTest">
        <test-method status="PASS" signature="extentReport()[pri:0, instance:com.IFHTests.RegistrationPageTest@c81cdd1]" name="extentReport" is-config="true" duration-ms="161" started-at="2022-06-21T10:24:04 IST" finished-at="2022-06-21T10:24:04 IST">
          <reporter-output>
          </reporter-output>
        </test-method> <!-- extentReport -->
        <test-method status="PASS" signature="launchApp(java.lang.String)[pri:0, instance:com.IFHTests.RegistrationPageTest@c81cdd1]" name="launchApp" is-config="true" duration-ms="2566" started-at="2022-06-21T10:24:04 IST" finished-at="2022-06-21T10:24:07 IST">
          <params>
            <param index="0">
              <value>
                <![CDATA[chrome]]>
              </value>
            </param>
          </params>
          <reporter-output>
          </reporter-output>
        </test-method> <!-- launchApp -->
        <test-method status="PASS" signature="businessAccRegistrationPageTest()[pri:0, instance:com.IFHTests.RegistrationPageTest@c81cdd1]" name="businessAccRegistrationPageTest" duration-ms="7790" started-at="2022-06-21T10:24:07 IST" finished-at="2022-06-21T10:24:15 IST">
          <reporter-output>
          </reporter-output>
        </test-method> <!-- businessAccRegistrationPageTest -->
        <test-method status="PASS" signature="teardown()[pri:0, instance:com.IFHTests.RegistrationPageTest@c81cdd1]" name="teardown" is-config="true" duration-ms="640" started-at="2022-06-21T10:24:15 IST" finished-at="2022-06-21T10:24:15 IST">
          <reporter-output>
          </reporter-output>
        </test-method> <!-- teardown -->
        <test-method status="PASS" signature="launchApp(java.lang.String)[pri:0, instance:com.IFHTests.RegistrationPageTest@c81cdd1]" name="launchApp" is-config="true" duration-ms="1066" started-at="2022-06-21T10:24:15 IST" finished-at="2022-06-21T10:24:16 IST">
          <params>
            <param index="0">
              <value>
                <![CDATA[chrome]]>
              </value>
            </param>
          </params>
          <reporter-output>
          </reporter-output>
        </test-method> <!-- launchApp -->
        <test-method status="PASS" signature="personalAccRegistrationPageTest()[pri:0, instance:com.IFHTests.RegistrationPageTest@c81cdd1]" name="personalAccRegistrationPageTest" duration-ms="5659" started-at="2022-06-21T10:24:16 IST" finished-at="2022-06-21T10:24:22 IST">
          <reporter-output>
          </reporter-output>
        </test-method> <!-- personalAccRegistrationPageTest -->
        <test-method status="PASS" signature="teardown()[pri:0, instance:com.IFHTests.RegistrationPageTest@c81cdd1]" name="teardown" is-config="true" duration-ms="633" started-at="2022-06-21T10:24:22 IST" finished-at="2022-06-21T10:24:23 IST">
          <reporter-output>
          </reporter-output>
        </test-method> <!-- teardown -->
        <test-method status="PASS" signature="endExtentReport()[pri:0, instance:com.IFHTests.RegistrationPageTest@c81cdd1]" name="endExtentReport" is-config="true" duration-ms="330" started-at="2022-06-21T10:24:41 IST" finished-at="2022-06-21T10:24:41 IST">
          <reporter-output>
          </reporter-output>
        </test-method> <!-- endExtentReport -->
      </class> <!-- com.IFHTests.RegistrationPageTest -->
    </test> <!-- Test -->
  </suite> <!-- Suite -->
</testng-results>
