<?xml version="1.0" encoding="UTF-8"?>
<testng-results skipped="0" failed="0" ignored="0" total="1" passed="1">
  <reporter-output>
  </reporter-output>
  <suite name="Suite" duration-ms="41469" started-at="2022-06-14T14:29:20 IST" finished-at="2022-06-14T14:30:01 IST">
    <groups>
    </groups>
    <test name="Test" duration-ms="41469" started-at="2022-06-14T14:29:20 IST" finished-at="2022-06-14T14:30:01 IST">
      <class name="com.IFHTests.RegistrationPageTest">
        <test-method status="PASS" signature="extentReport()[pri:0, instance:com.IFHTests.RegistrationPageTest@1fc2b765]" name="extentReport" is-config="true" duration-ms="152" started-at="2022-06-14T14:29:20 IST" finished-at="2022-06-14T14:29:20 IST">
          <reporter-output>
          </reporter-output>
        </test-method> <!-- extentReport -->
        <test-method status="PASS" signature="launchApp(java.lang.String)[pri:0, instance:com.IFHTests.RegistrationPageTest@1fc2b765]" name="launchApp" is-config="true" duration-ms="3726" started-at="2022-06-14T14:29:20 IST" finished-at="2022-06-14T14:29:24 IST">
          <params>
            <param index="0">
              <value>
                <![CDATA[chrome]]>
              </value>
            </param>
          </params>
          <reporter-output>
          </reporter-output>
        </test-method> <!-- launchApp -->
        <test-method status="PASS" signature="PersonalAccRegistrationPageTest()[pri:0, instance:com.IFHTests.RegistrationPageTest@1fc2b765]" name="PersonalAccRegistrationPageTest" duration-ms="37042" started-at="2022-06-14T14:29:24 IST" finished-at="2022-06-14T14:30:01 IST">
          <reporter-output>
          </reporter-output>
        </test-method> <!-- PersonalAccRegistrationPageTest -->
        <test-method status="PASS" signature="teardown()[pri:0, instance:com.IFHTests.RegistrationPageTest@1fc2b765]" name="teardown" is-config="true" duration-ms="679" started-at="2022-06-14T14:30:01 IST" finished-at="2022-06-14T14:30:01 IST">
          <reporter-output>
          </reporter-output>
        </test-method> <!-- teardown -->
        <test-method status="PASS" signature="endExtentReport()[pri:0, instance:com.IFHTests.RegistrationPageTest@1fc2b765]" name="endExtentReport" is-config="true" duration-ms="313" started-at="2022-06-14T14:30:01 IST" finished-at="2022-06-14T14:30:02 IST">
          <reporter-output>
          </reporter-output>
        </test-method> <!-- endExtentReport -->
      </class> <!-- com.IFHTests.RegistrationPageTest -->
    </test> <!-- Test -->
  </suite> <!-- Suite -->
</testng-results>
