<?xml version="1.0" encoding="UTF-8"?>
<testng-results skipped="0" failed="0" ignored="0" total="1" passed="1">
  <reporter-output>
  </reporter-output>
  <suite name="Suite" duration-ms="13429" started-at="2022-06-13T11:10:35 IST" finished-at="2022-06-13T11:10:48 IST">
    <groups>
    </groups>
    <test name="Test" duration-ms="13429" started-at="2022-06-13T11:10:35 IST" finished-at="2022-06-13T11:10:48 IST">
      <class name="com.IFHTests.RegistrationPageTest">
        <test-method status="PASS" signature="extentReport()[pri:0, instance:com.IFHTests.RegistrationPageTest@704921a5]" name="extentReport" is-config="true" duration-ms="631" started-at="2022-06-13T11:10:34 IST" finished-at="2022-06-13T11:10:35 IST">
          <reporter-output>
          </reporter-output>
        </test-method> <!-- extentReport -->
        <test-method status="PASS" signature="launchApp(java.lang.String)[pri:0, instance:com.IFHTests.RegistrationPageTest@704921a5]" name="launchApp" is-config="true" duration-ms="4719" started-at="2022-06-13T11:10:35 IST" finished-at="2022-06-13T11:10:40 IST">
          <params>
            <param index="0">
              <value>
                <![CDATA[chrome]]>
              </value>
            </param>
          </params>
          <reporter-output>
          </reporter-output>
        </test-method> <!-- launchApp -->
        <test-method status="PASS" signature="PersonalAccRegistrationPageTest()[pri:0, instance:com.IFHTests.RegistrationPageTest@704921a5]" name="PersonalAccRegistrationPageTest" duration-ms="7930" started-at="2022-06-13T11:10:40 IST" finished-at="2022-06-13T11:10:48 IST">
          <reporter-output>
          </reporter-output>
        </test-method> <!-- PersonalAccRegistrationPageTest -->
        <test-method status="PASS" signature="teardown()[pri:0, instance:com.IFHTests.RegistrationPageTest@704921a5]" name="teardown" is-config="true" duration-ms="744" started-at="2022-06-13T11:10:48 IST" finished-at="2022-06-13T11:10:48 IST">
          <reporter-output>
          </reporter-output>
        </test-method> <!-- teardown -->
        <test-method status="PASS" signature="endExtentReport()[pri:0, instance:com.IFHTests.RegistrationPageTest@704921a5]" name="endExtentReport" is-config="true" duration-ms="829" started-at="2022-06-13T11:10:48 IST" finished-at="2022-06-13T11:10:49 IST">
          <reporter-output>
          </reporter-output>
        </test-method> <!-- endExtentReport -->
      </class> <!-- com.IFHTests.RegistrationPageTest -->
    </test> <!-- Test -->
  </suite> <!-- Suite -->
</testng-results>
